<?xml version="1.0" encoding="UTF-8"?>
<!-- Generated by org.testng.reporters.JUnitXMLReporter -->
<testsuite ignored="0" hostname="DESKTOP-V4INBL5" failures="0" tests="4" name="Default test" time="60.912" errors="0" timestamp="2023-04-04T00:34:26 IST">
  <testcase classname="Testcases.About" name="verifyAbout" time="11.607"/>
  <testcase classname="Testcases.About" name="verifyAbout" time="4.613"/>
  <testcase classname="Testcases.About" name="verifyAbout" time="14.306"/>
  <testcase classname="Testcases.About" name="verifyAbout" time="22.657"/>
</testsuite> <!-- Default test -->
