<?xml version="1.0" encoding="UTF-8"?>
<testng-results ignored="0" total="4" passed="4" failed="0" skipped="0">
  <reporter-output>
  </reporter-output>
  <suite started-at="2023-04-04T00:33:25 IST" name="Default suite" finished-at="2023-04-04T00:34:26 IST" duration-ms="60912">
    <groups>
    </groups>
    <test started-at="2023-04-04T00:33:25 IST" name="Default test" finished-at="2023-04-04T00:34:26 IST" duration-ms="60912">
      <class name="Testcases.About">
        <test-method is-config="true" signature="setup()[pri:0, instance:Testcases.About@3e58a80e]" started-at="2023-04-04T00:33:25 IST" name="setup" finished-at="2023-04-04T00:33:31 IST" duration-ms="5985" status="PASS">
          <reporter-output>
          </reporter-output>
        </test-method> <!-- setup -->
        <test-method signature="verifyAbout(java.lang.String,java.lang.String)[pri:0, instance:Testcases.About@3e58a80e]" started-at="2023-04-04T00:33:31 IST" name="verifyAbout" data-provider="readData" finished-at="2023-04-04T00:33:42 IST" duration-ms="11607" status="PASS">
          <params>
            <param index="0">
              <value>
                <![CDATA[standard_user]]>
              </value>
            </param>
            <param index="1">
              <value>
                <![CDATA[secret_sauce]]>
              </value>
            </param>
          </params>
          <reporter-output>
          </reporter-output>
        </test-method> <!-- verifyAbout -->
        <test-method signature="verifyAbout(java.lang.String,java.lang.String)[pri:0, instance:Testcases.About@3e58a80e]" started-at="2023-04-04T00:33:43 IST" name="verifyAbout" data-provider="readData" finished-at="2023-04-04T00:33:47 IST" duration-ms="4613" status="PASS">
          <params>
            <param index="0">
              <value>
                <![CDATA[locked_out_user]]>
              </value>
            </param>
            <param index="1">
              <value>
                <![CDATA[secret_sauce]]>
              </value>
            </param>
          </params>
          <reporter-output>
          </reporter-output>
        </test-method> <!-- verifyAbout -->
        <test-method signature="verifyAbout(java.lang.String,java.lang.String)[pri:0, instance:Testcases.About@3e58a80e]" started-at="2023-04-04T00:33:47 IST" name="verifyAbout" data-provider="readData" finished-at="2023-04-04T00:34:01 IST" duration-ms="14306" status="PASS">
          <params>
            <param index="0">
              <value>
                <![CDATA[problem_user]]>
              </value>
            </param>
            <param index="1">
              <value>
                <![CDATA[secret_sauce]]>
              </value>
            </param>
          </params>
          <reporter-output>
          </reporter-output>
        </test-method> <!-- verifyAbout -->
        <test-method signature="verifyAbout(java.lang.String,java.lang.String)[pri:0, instance:Testcases.About@3e58a80e]" started-at="2023-04-04T00:34:01 IST" name="verifyAbout" data-provider="readData" finished-at="2023-04-04T00:34:24 IST" duration-ms="22657" status="PASS">
          <params>
            <param index="0">
              <value>
                <![CDATA[performance_glitch_user]]>
              </value>
            </param>
            <param index="1">
              <value>
                <![CDATA[secret_sauce]]>
              </value>
            </param>
          </params>
          <reporter-output>
          </reporter-output>
        </test-method> <!-- verifyAbout -->
        <test-method is-config="true" signature="tear()[pri:0, instance:Testcases.About@3e58a80e]" started-at="2023-04-04T00:34:24 IST" name="tear" finished-at="2023-04-04T00:34:26 IST" duration-ms="1624" status="PASS">
          <reporter-output>
          </reporter-output>
        </test-method> <!-- tear -->
      </class> <!-- Testcases.About -->
    </test> <!-- Default test -->
  </suite> <!-- Default suite -->
</testng-results>
