<?xml version="1.0" encoding="UTF-8"?>
<!-- Generated by org.testng.reporters.JUnitXMLReporter -->
<testsuite ignored="8" hostname="DESKTOP-V4INBL5" failures="0" tests="15" name="functional" time="236.953" errors="0" timestamp="2023-04-04T00:52:27 IST">
  <testcase classname="Testcases.LoginTestCases" name="verifyUser" time="11.079"/>
  <testcase classname="Testcases.LoginTestCases" name="verifyUser" time="0.623"/>
  <testcase classname="Testcases.LoginTestCases" name="verifyUser" time="0.71"/>
  <testcase classname="Testcases.LoginTestCases" name="verifyUser" time="1.123"/>
  <testcase classname="Testcases.Countproduct" name="countproduct" time="1.079"/>
  <testcase classname="Testcases.Countproduct" name="countproduct" time="0.539"/>
  <testcase classname="Testcases.Countproduct" name="countproduct" time="0.446"/>
  <testcase classname="Testcases.Countproduct" name="countproduct" time="5.786"/>
  <testcase classname="Testcases.Productcheck" name="verifycheck" time="2.23"/>
  <testcase classname="Testcases.Productcheck" name="verifywitoutProduct" time="1.337"/>
  <testcase classname="Testcases.BackToProduct" name="verifyBackTopage" time="13.029"/>
  <testcase classname="Testcases.About" name="verifyAbout" time="36.527"/>
  <testcase classname="Testcases.About" name="verifyAbout" time="28.963"/>
  <testcase classname="Testcases.About" name="verifyAbout" time="19.138"/>
  <testcase classname="Testcases.About" name="verifyAbout" time="16.438"/>
  <testcase classname="Utility.BaseClass" name="@AfterTest tear" time="0.0">
    <ignored/>
  </testcase> <!-- @AfterTest tear -->
  <testcase classname="Utility.BaseClass" name="@AfterTest tear" time="0.0">
    <ignored/>
  </testcase> <!-- @AfterTest tear -->
  <testcase classname="Utility.BaseClass" name="@AfterTest tear" time="0.0">
    <ignored/>
  </testcase> <!-- @AfterTest tear -->
  <testcase classname="Utility.BaseClass" name="@AfterTest tear" time="0.0">
    <ignored/>
  </testcase> <!-- @AfterTest tear -->
  <testcase classname="Utility.BaseClass" name="@BeforeTest setup" time="0.0">
    <ignored/>
  </testcase> <!-- @BeforeTest setup -->
  <testcase classname="Utility.BaseClass" name="@BeforeTest setup" time="0.0">
    <ignored/>
  </testcase> <!-- @BeforeTest setup -->
  <testcase classname="Utility.BaseClass" name="@BeforeTest setup" time="0.0">
    <ignored/>
  </testcase> <!-- @BeforeTest setup -->
  <testcase classname="Utility.BaseClass" name="@BeforeTest setup" time="0.0">
    <ignored/>
  </testcase> <!-- @BeforeTest setup -->
</testsuite> <!-- functional -->
